<?xml version="1.0" encoding="UTF-8"?>
<!-- Generated by org.testng.reporters.JUnitReportReporter -->
<testsuite hostname="BHANU" failures="0" tests="5" name="testng_ddt.Data_Reader" time="0.011" errors="0" timestamp="2024-05-22T11:40:16 IST" skipped="0">
  <testcase classname="testng_ddt.Data_Reader" name="AddVariants" time="0.001"/>
  <system-out/>
  <testcase classname="testng_ddt.Data_Reader" name="AddVariants" time="0.006"/>
  <system-out/>
  <testcase classname="testng_ddt.Data_Reader" name="AddVariants" time="0.001"/>
  <system-out/>
  <testcase classname="testng_ddt.Data_Reader" name="AddVariants" time="0.002"/>
  <system-out/>
  <testcase classname="testng_ddt.Data_Reader" name="AddVariants" time="0.001"/>
  <system-out/>
</testsuite> <!-- testng_ddt.Data_Reader -->
